<?xml version="1.0" encoding="UTF-8"?>
<testsuite xmlns:xsi="http://www.w3.org/2001/XMLSchema-instance" xsi:noNamespaceSchemaLocation="https://maven.apache.org/surefire/maven-surefire-plugin/xsd/surefire-test-report-3.0.xsd" version="3.0" name="com.example.iso8583.domain.IsoMessageTest" time="0.088" tests="10" errors="0" skipped="0" failures="0">
  <properties>
    <property name="java.specification.version" value="21"/>
    <property name="sun.jnu.encoding" value="UTF-8"/>
    <property name="java.class.path" value="/home/actdigital/repository/martinsjavacode/iso8583-annotation-processor/iso8583-core/target/test-classes:/home/actdigital/repository/martinsjavacode/iso8583-annotation-processor/iso8583-core/target/classes:/home/actdigital/.m2/repository/org/junit/jupiter/junit-jupiter/5.12.2/junit-jupiter-5.12.2.jar:/home/actdigital/.m2/repository/org/junit/jupiter/junit-jupiter-api/5.12.2/junit-jupiter-api-5.12.2.jar:/home/actdigital/.m2/repository/org/opentest4j/opentest4j/1.3.0/opentest4j-1.3.0.jar:/home/actdigital/.m2/repository/org/junit/platform/junit-platform-commons/1.12.2/junit-platform-commons-1.12.2.jar:/home/actdigital/.m2/repository/org/apiguardian/apiguardian-api/1.1.2/apiguardian-api-1.1.2.jar:/home/actdigital/.m2/repository/org/junit/jupiter/junit-jupiter-params/5.12.2/junit-jupiter-params-5.12.2.jar:/home/actdigital/.m2/repository/org/junit/jupiter/junit-jupiter-engine/5.12.2/junit-jupiter-engine-5.12.2.jar:/home/actdigital/.m2/repository/org/junit/platform/junit-platform-engine/1.12.2/junit-platform-engine-1.12.2.jar:/home/actdigital/.m2/repository/org/assertj/assertj-core/3.27.3/assertj-core-3.27.3.jar:/home/actdigital/.m2/repository/net/bytebuddy/byte-buddy/1.17.6/byte-buddy-1.17.6.jar:"/>
    <property name="java.vm.vendor" value="GraalVM Community"/>
    <property name="sun.arch.data.model" value="64"/>
    <property name="java.vendor.url" value="https://www.graalvm.org/"/>
    <property name="user.timezone" value="America/Sao_Paulo"/>
    <property name="os.name" value="Linux"/>
    <property name="java.vm.specification.version" value="21"/>
    <property name="sun.java.launcher" value="SUN_STANDARD"/>
    <property name="sun.boot.library.path" value="/home/actdigital/.sdkman/candidates/java/21.0.2-graalce/lib"/>
    <property name="sun.java.command" value="/home/actdigital/repository/martinsjavacode/iso8583-annotation-processor/iso8583-core/target/surefire/surefirebooter-20250814144215074_3.jar /home/actdigital/repository/martinsjavacode/iso8583-annotation-processor/iso8583-core/target/surefire 2025-08-14T14-42-15_026-jvmRun1 surefire-20250814144215074_1tmp surefire_0-20250814144215074_2tmp"/>
    <property name="jdk.debug" value="release"/>
    <property name="surefire.test.class.path" value="/home/actdigital/repository/martinsjavacode/iso8583-annotation-processor/iso8583-core/target/test-classes:/home/actdigital/repository/martinsjavacode/iso8583-annotation-processor/iso8583-core/target/classes:/home/actdigital/.m2/repository/org/junit/jupiter/junit-jupiter/5.12.2/junit-jupiter-5.12.2.jar:/home/actdigital/.m2/repository/org/junit/jupiter/junit-jupiter-api/5.12.2/junit-jupiter-api-5.12.2.jar:/home/actdigital/.m2/repository/org/opentest4j/opentest4j/1.3.0/opentest4j-1.3.0.jar:/home/actdigital/.m2/repository/org/junit/platform/junit-platform-commons/1.12.2/junit-platform-commons-1.12.2.jar:/home/actdigital/.m2/repository/org/apiguardian/apiguardian-api/1.1.2/apiguardian-api-1.1.2.jar:/home/actdigital/.m2/repository/org/junit/jupiter/junit-jupiter-params/5.12.2/junit-jupiter-params-5.12.2.jar:/home/actdigital/.m2/repository/org/junit/jupiter/junit-jupiter-engine/5.12.2/junit-jupiter-engine-5.12.2.jar:/home/actdigital/.m2/repository/org/junit/platform/junit-platform-engine/1.12.2/junit-platform-engine-1.12.2.jar:/home/actdigital/.m2/repository/org/assertj/assertj-core/3.27.3/assertj-core-3.27.3.jar:/home/actdigital/.m2/repository/net/bytebuddy/byte-buddy/1.17.6/byte-buddy-1.17.6.jar:"/>
    <property name="sun.cpu.endian" value="little"/>
    <property name="user.home" value="/home/actdigital"/>
    <property name="user.language" value="en"/>
    <property name="java.specification.vendor" value="Oracle Corporation"/>
    <property name="java.version.date" value="2024-01-16"/>
    <property name="java.home" value="/home/actdigital/.sdkman/candidates/java/21.0.2-graalce"/>
    <property name="file.separator" value="/"/>
    <property name="basedir" value="/home/actdigital/repository/martinsjavacode/iso8583-annotation-processor/iso8583-core"/>
    <property name="java.vm.compressedOopsMode" value="Zero based"/>
    <property name="jdk.internal.vm.ci.enabled" value="true"/>
    <property name="line.separator" value="&#10;"/>
    <property name="java.specification.name" value="Java Platform API Specification"/>
    <property name="java.vm.specification.vendor" value="Oracle Corporation"/>
    <property name="surefire.real.class.path" value="/home/actdigital/repository/martinsjavacode/iso8583-annotation-processor/iso8583-core/target/surefire/surefirebooter-20250814144215074_3.jar"/>
    <property name="sun.management.compiler" value="HotSpot 64-Bit Tiered Compilers"/>
    <property name="java.runtime.version" value="21.0.2+13-jvmci-23.1-b30"/>
    <property name="user.name" value="actdigital"/>
    <property name="stdout.encoding" value="UTF-8"/>
    <property name="path.separator" value=":"/>
    <property name="os.version" value="6.6.87.2-microsoft-standard-WSL2"/>
    <property name="java.runtime.name" value="OpenJDK Runtime Environment"/>
    <property name="file.encoding" value="UTF-8"/>
    <property name="java.vm.name" value="OpenJDK 64-Bit Server VM"/>
    <property name="java.vendor.version" value="GraalVM CE 21.0.2+13.1"/>
    <property name="localRepository" value="/home/actdigital/.m2/repository"/>
    <property name="java.vendor.url.bug" value="https://github.com/oracle/graal/issues"/>
    <property name="java.io.tmpdir" value="/tmp"/>
    <property name="java.version" value="21.0.2"/>
    <property name="user.dir" value="/home/actdigital/repository/martinsjavacode/iso8583-annotation-processor/iso8583-core"/>
    <property name="os.arch" value="amd64"/>
    <property name="java.vm.specification.name" value="Java Virtual Machine Specification"/>
    <property name="native.encoding" value="UTF-8"/>
    <property name="java.library.path" value="/usr/java/packages/lib:/usr/lib64:/lib64:/lib:/usr/lib"/>
    <property name="java.vm.info" value="mixed mode, sharing"/>
    <property name="stderr.encoding" value="UTF-8"/>
    <property name="java.vendor" value="GraalVM Community"/>
    <property name="java.vm.version" value="21.0.2+13-jvmci-23.1-b30"/>
    <property name="sun.io.unicode.encoding" value="UnicodeLittle"/>
    <property name="java.class.version" value="65.0"/>
  </properties>
  <testcase name="shouldCreateMessageWithMTI" classname="com.example.iso8583.domain.IsoMessageTest" time="0.039"/>
  <testcase name="shouldThrowExceptionForInvalidMTI" classname="com.example.iso8583.domain.IsoMessageTest" time="0.005"/>
  <testcase name="shouldProvideMessageStats" classname="com.example.iso8583.domain.IsoMessageTest" time="0.002"/>
  <testcase name="shouldValidateMessage" classname="com.example.iso8583.domain.IsoMessageTest" time="0.001"/>
  <testcase name="shouldAddAndRetrieveFields" classname="com.example.iso8583.domain.IsoMessageTest" time="0.009"/>
  <testcase name="shouldThrowExceptionForWrongFieldType" classname="com.example.iso8583.domain.IsoMessageTest" time="0.004"/>
  <testcase name="shouldRemoveFields" classname="com.example.iso8583.domain.IsoMessageTest" time="0.001"/>
  <testcase name="shouldCopyMessage" classname="com.example.iso8583.domain.IsoMessageTest" time="0.001"/>
  <testcase name="shouldSetSecondaryBitmapWhenNeeded" classname="com.example.iso8583.domain.IsoMessageTest" time="0.001"/>
  <testcase name="shouldGetTypedFieldValue" classname="com.example.iso8583.domain.IsoMessageTest" time="0.001"/>
</testsuite>